[INFO  - 2015-09-10T21:54:34.083Z] GhostDriver - Main - running on port 53996
[INFO  - 2015-09-10T21:54:34.588Z] Session [85fb86d0-5806-11e5-b5e1-4f12e0ed5bfb] - page.settings - {"XSSAuditingEnabled":false,"javascriptCanCloseWindows":true,"javascriptCanOpenWindows":true,"javascriptEnabled":true,"loadImages":true,"localToRemoteUrlAccessEnabled":false,"userAgent":"Mozilla/5.0 (Macintosh; Intel Mac OS X) AppleWebKit/538.1 (KHTML, like Gecko) PhantomJS/2.0.0 Safari/538.1","webSecurityEnabled":true}
[INFO  - 2015-09-10T21:54:34.588Z] Session [85fb86d0-5806-11e5-b5e1-4f12e0ed5bfb] - page.customHeaders:  - {}
[INFO  - 2015-09-10T21:54:34.588Z] Session [85fb86d0-5806-11e5-b5e1-4f12e0ed5bfb] - Session.negotiatedCapabilities - {"browserName":"phantomjs","version":"2.0.0","driverName":"ghostdriver","driverVersion":"1.2.0","platform":"mac-10.9 (Mavericks)-64bit","javascriptEnabled":true,"takesScreenshot":true,"handlesAlerts":false,"databaseEnabled":false,"locationContextEnabled":false,"applicationCacheEnabled":false,"browserConnectionEnabled":false,"cssSelectorsEnabled":true,"webStorageEnabled":false,"rotatable":false,"acceptSslCerts":false,"nativeEvents":true,"proxy":{"proxyType":"direct"}}
[INFO  - 2015-09-10T21:54:34.588Z] SessionManagerReqHand - _postNewSessionCommand - New Session Created: 85fb86d0-5806-11e5-b5e1-4f12e0ed5bfb
[ERROR - 2015-09-10T21:54:36.627Z] Session [85fb86d0-5806-11e5-b5e1-4f12e0ed5bfb] - page.onError - msg: ReferenceError: [viewCompleteImageLoaded] Can't find variable: uet

  :262 in error
[ERROR - 2015-09-10T21:54:36.627Z] Session [85fb86d0-5806-11e5-b5e1-4f12e0ed5bfb] - page.onError - stack:
  imageLoaded (http://z-ecx.images-amazon.com/images/G/01/AUIClients/RetailSearchAssets-0923d00117f894c45626f9b3997c635c825b256d._V2_.js#AUIClients/RetailSearchAssets.us.renderskin-pc.search-results-aui.weblab-SEARCH_54414-T2.min:9)
  (anonymous function) (http://www.amazon.com/s?ie=UTF8&page=1&rh=n%3A541966%2Ck%3Alaptop:980)
  (anonymous function) (http://www.amazon.com/s?ie=UTF8&page=1&rh=n%3A541966%2Ck%3Alaptop:24)
  (anonymous function) (http://www.amazon.com/s?ie=UTF8&page=1&rh=n%3A541966%2Ck%3Alaptop:10)
  (anonymous function) (http://www.amazon.com/s?ie=UTF8&page=1&rh=n%3A541966%2Ck%3Alaptop:11)
  D (http://www.amazon.com/s?ie=UTF8&page=1&rh=n%3A541966%2Ck%3Alaptop:14)

  :262 in error
[ERROR - 2015-09-10T21:54:36.663Z] Session [85fb86d0-5806-11e5-b5e1-4f12e0ed5bfb] - page.onError - msg: ReferenceError: [viewCompleteImageLoaded] Can't find variable: uet

  :262 in error
[ERROR - 2015-09-10T21:54:36.663Z] Session [85fb86d0-5806-11e5-b5e1-4f12e0ed5bfb] - page.onError - stack:
  imageLoaded (http://z-ecx.images-amazon.com/images/G/01/AUIClients/RetailSearchAssets-0923d00117f894c45626f9b3997c635c825b256d._V2_.js#AUIClients/RetailSearchAssets.us.renderskin-pc.search-results-aui.weblab-SEARCH_54414-T2.min:9)
  (anonymous function) (http://www.amazon.com/s?ie=UTF8&page=1&rh=n%3A541966%2Ck%3Alaptop:980)
  (anonymous function) (http://www.amazon.com/s?ie=UTF8&page=1&rh=n%3A541966%2Ck%3Alaptop:24)
  (anonymous function) (http://www.amazon.com/s?ie=UTF8&page=1&rh=n%3A541966%2Ck%3Alaptop:10)
  (anonymous function) (http://www.amazon.com/s?ie=UTF8&page=1&rh=n%3A541966%2Ck%3Alaptop:11)
  D (http://www.amazon.com/s?ie=UTF8&page=1&rh=n%3A541966%2Ck%3Alaptop:14)

  :262 in error
[ERROR - 2015-09-10T21:54:36.673Z] Session [85fb86d0-5806-11e5-b5e1-4f12e0ed5bfb] - page.onError - msg: ReferenceError: [viewCompleteImageLoaded] Can't find variable: uet

  :262 in error
[ERROR - 2015-09-10T21:54:36.673Z] Session [85fb86d0-5806-11e5-b5e1-4f12e0ed5bfb] - page.onError - stack:
  imageLoaded (http://z-ecx.images-amazon.com/images/G/01/AUIClients/RetailSearchAssets-0923d00117f894c45626f9b3997c635c825b256d._V2_.js#AUIClients/RetailSearchAssets.us.renderskin-pc.search-results-aui.weblab-SEARCH_54414-T2.min:9)
  (anonymous function) (http://www.amazon.com/s?ie=UTF8&page=1&rh=n%3A541966%2Ck%3Alaptop:980)
  (anonymous function) (http://www.amazon.com/s?ie=UTF8&page=1&rh=n%3A541966%2Ck%3Alaptop:24)
  (anonymous function) (http://www.amazon.com/s?ie=UTF8&page=1&rh=n%3A541966%2Ck%3Alaptop:10)
  (anonymous function) (http://www.amazon.com/s?ie=UTF8&page=1&rh=n%3A541966%2Ck%3Alaptop:11)
  D (http://www.amazon.com/s?ie=UTF8&page=1&rh=n%3A541966%2Ck%3Alaptop:14)

  :262 in error
[ERROR - 2015-09-10T21:54:36.683Z] Session [85fb86d0-5806-11e5-b5e1-4f12e0ed5bfb] - page.onError - msg: ReferenceError: [viewCompleteImageLoaded] Can't find variable: uet

  :262 in error
[ERROR - 2015-09-10T21:54:36.683Z] Session [85fb86d0-5806-11e5-b5e1-4f12e0ed5bfb] - page.onError - stack:
  imageLoaded (http://z-ecx.images-amazon.com/images/G/01/AUIClients/RetailSearchAssets-0923d00117f894c45626f9b3997c635c825b256d._V2_.js#AUIClients/RetailSearchAssets.us.renderskin-pc.search-results-aui.weblab-SEARCH_54414-T2.min:9)
  (anonymous function) (http://www.amazon.com/s?ie=UTF8&page=1&rh=n%3A541966%2Ck%3Alaptop:980)
  (anonymous function) (http://www.amazon.com/s?ie=UTF8&page=1&rh=n%3A541966%2Ck%3Alaptop:24)
  (anonymous function) (http://www.amazon.com/s?ie=UTF8&page=1&rh=n%3A541966%2Ck%3Alaptop:10)
  (anonymous function) (http://www.amazon.com/s?ie=UTF8&page=1&rh=n%3A541966%2Ck%3Alaptop:11)
  D (http://www.amazon.com/s?ie=UTF8&page=1&rh=n%3A541966%2Ck%3Alaptop:14)

  :262 in error
[ERROR - 2015-09-10T21:54:36.694Z] Session [85fb86d0-5806-11e5-b5e1-4f12e0ed5bfb] - page.onError - msg: ReferenceError: [viewCompleteImageLoaded] Can't find variable: uet

  :262 in error
[ERROR - 2015-09-10T21:54:36.694Z] Session [85fb86d0-5806-11e5-b5e1-4f12e0ed5bfb] - page.onError - stack:
  imageLoaded (http://z-ecx.images-amazon.com/images/G/01/AUIClients/RetailSearchAssets-0923d00117f894c45626f9b3997c635c825b256d._V2_.js#AUIClients/RetailSearchAssets.us.renderskin-pc.search-results-aui.weblab-SEARCH_54414-T2.min:9)
  (anonymous function) (http://www.amazon.com/s?ie=UTF8&page=1&rh=n%3A541966%2Ck%3Alaptop:980)
  (anonymous function) (http://www.amazon.com/s?ie=UTF8&page=1&rh=n%3A541966%2Ck%3Alaptop:24)
  (anonymous function) (http://www.amazon.com/s?ie=UTF8&page=1&rh=n%3A541966%2Ck%3Alaptop:10)
  (anonymous function) (http://www.amazon.com/s?ie=UTF8&page=1&rh=n%3A541966%2Ck%3Alaptop:11)
  D (http://www.amazon.com/s?ie=UTF8&page=1&rh=n%3A541966%2Ck%3Alaptop:14)

  :262 in error
[ERROR - 2015-09-10T21:54:36.704Z] Session [85fb86d0-5806-11e5-b5e1-4f12e0ed5bfb] - page.onError - msg: ReferenceError: [viewCompleteImageLoaded] Can't find variable: uet

  :262 in error
[ERROR - 2015-09-10T21:54:36.704Z] Session [85fb86d0-5806-11e5-b5e1-4f12e0ed5bfb] - page.onError - stack:
  imageLoaded (http://z-ecx.images-amazon.com/images/G/01/AUIClients/RetailSearchAssets-0923d00117f894c45626f9b3997c635c825b256d._V2_.js#AUIClients/RetailSearchAssets.us.renderskin-pc.search-results-aui.weblab-SEARCH_54414-T2.min:9)
  (anonymous function) (http://www.amazon.com/s?ie=UTF8&page=1&rh=n%3A541966%2Ck%3Alaptop:980)
  (anonymous function) (http://www.amazon.com/s?ie=UTF8&page=1&rh=n%3A541966%2Ck%3Alaptop:24)
  (anonymous function) (http://www.amazon.com/s?ie=UTF8&page=1&rh=n%3A541966%2Ck%3Alaptop:10)
  (anonymous function) (http://www.amazon.com/s?ie=UTF8&page=1&rh=n%3A541966%2Ck%3Alaptop:11)
  D (http://www.amazon.com/s?ie=UTF8&page=1&rh=n%3A541966%2Ck%3Alaptop:14)

  :262 in error
[ERROR - 2015-09-10T21:54:36.714Z] Session [85fb86d0-5806-11e5-b5e1-4f12e0ed5bfb] - page.onError - msg: ReferenceError: [viewCompleteImageLoaded] Can't find variable: uet

  :262 in error
[ERROR - 2015-09-10T21:54:36.714Z] Session [85fb86d0-5806-11e5-b5e1-4f12e0ed5bfb] - page.onError - stack:
  imageLoaded (http://z-ecx.images-amazon.com/images/G/01/AUIClients/RetailSearchAssets-0923d00117f894c45626f9b3997c635c825b256d._V2_.js#AUIClients/RetailSearchAssets.us.renderskin-pc.search-results-aui.weblab-SEARCH_54414-T2.min:9)
  (anonymous function) (http://www.amazon.com/s?ie=UTF8&page=1&rh=n%3A541966%2Ck%3Alaptop:980)
  (anonymous function) (http://www.amazon.com/s?ie=UTF8&page=1&rh=n%3A541966%2Ck%3Alaptop:24)
  (anonymous function) (http://www.amazon.com/s?ie=UTF8&page=1&rh=n%3A541966%2Ck%3Alaptop:10)
  (anonymous function) (http://www.amazon.com/s?ie=UTF8&page=1&rh=n%3A541966%2Ck%3Alaptop:11)
  D (http://www.amazon.com/s?ie=UTF8&page=1&rh=n%3A541966%2Ck%3Alaptop:14)

  :262 in error
[ERROR - 2015-09-10T21:54:36.724Z] Session [85fb86d0-5806-11e5-b5e1-4f12e0ed5bfb] - page.onError - msg: ReferenceError: [viewCompleteImageLoaded] Can't find variable: uet

  :262 in error
[ERROR - 2015-09-10T21:54:36.724Z] Session [85fb86d0-5806-11e5-b5e1-4f12e0ed5bfb] - page.onError - stack:
  imageLoaded (http://z-ecx.images-amazon.com/images/G/01/AUIClients/RetailSearchAssets-0923d00117f894c45626f9b3997c635c825b256d._V2_.js#AUIClients/RetailSearchAssets.us.renderskin-pc.search-results-aui.weblab-SEARCH_54414-T2.min:9)
  (anonymous function) (http://www.amazon.com/s?ie=UTF8&page=1&rh=n%3A541966%2Ck%3Alaptop:980)
  (anonymous function) (http://www.amazon.com/s?ie=UTF8&page=1&rh=n%3A541966%2Ck%3Alaptop:24)
  (anonymous function) (http://www.amazon.com/s?ie=UTF8&page=1&rh=n%3A541966%2Ck%3Alaptop:10)
  (anonymous function) (http://www.amazon.com/s?ie=UTF8&page=1&rh=n%3A541966%2Ck%3Alaptop:11)
  D (http://www.amazon.com/s?ie=UTF8&page=1&rh=n%3A541966%2Ck%3Alaptop:14)

  :262 in error
[ERROR - 2015-09-10T21:54:36.735Z] Session [85fb86d0-5806-11e5-b5e1-4f12e0ed5bfb] - page.onError - msg: ReferenceError: [viewCompleteImageLoaded] Can't find variable: uet

  :262 in error
[ERROR - 2015-09-10T21:54:36.735Z] Session [85fb86d0-5806-11e5-b5e1-4f12e0ed5bfb] - page.onError - stack:
  imageLoaded (http://z-ecx.images-amazon.com/images/G/01/AUIClients/RetailSearchAssets-0923d00117f894c45626f9b3997c635c825b256d._V2_.js#AUIClients/RetailSearchAssets.us.renderskin-pc.search-results-aui.weblab-SEARCH_54414-T2.min:9)
  (anonymous function) (http://www.amazon.com/s?ie=UTF8&page=1&rh=n%3A541966%2Ck%3Alaptop:980)
  (anonymous function) (http://www.amazon.com/s?ie=UTF8&page=1&rh=n%3A541966%2Ck%3Alaptop:24)
  (anonymous function) (http://www.amazon.com/s?ie=UTF8&page=1&rh=n%3A541966%2Ck%3Alaptop:10)
  (anonymous function) (http://www.amazon.com/s?ie=UTF8&page=1&rh=n%3A541966%2Ck%3Alaptop:11)
  D (http://www.amazon.com/s?ie=UTF8&page=1&rh=n%3A541966%2Ck%3Alaptop:14)

  :262 in error
[ERROR - 2015-09-10T21:54:36.745Z] Session [85fb86d0-5806-11e5-b5e1-4f12e0ed5bfb] - page.onError - msg: ReferenceError: [viewCompleteImageLoaded] Can't find variable: uet

  :262 in error
[ERROR - 2015-09-10T21:54:36.745Z] Session [85fb86d0-5806-11e5-b5e1-4f12e0ed5bfb] - page.onError - stack:
  imageLoaded (http://z-ecx.images-amazon.com/images/G/01/AUIClients/RetailSearchAssets-0923d00117f894c45626f9b3997c635c825b256d._V2_.js#AUIClients/RetailSearchAssets.us.renderskin-pc.search-results-aui.weblab-SEARCH_54414-T2.min:9)
  (anonymous function) (http://www.amazon.com/s?ie=UTF8&page=1&rh=n%3A541966%2Ck%3Alaptop:980)
  (anonymous function) (http://www.amazon.com/s?ie=UTF8&page=1&rh=n%3A541966%2Ck%3Alaptop:24)
  (anonymous function) (http://www.amazon.com/s?ie=UTF8&page=1&rh=n%3A541966%2Ck%3Alaptop:10)
  (anonymous function) (http://www.amazon.com/s?ie=UTF8&page=1&rh=n%3A541966%2Ck%3Alaptop:11)
  D (http://www.amazon.com/s?ie=UTF8&page=1&rh=n%3A541966%2Ck%3Alaptop:14)

  :262 in error
[ERROR - 2015-09-10T21:54:36.758Z] Session [85fb86d0-5806-11e5-b5e1-4f12e0ed5bfb] - page.onError - msg: ReferenceError: [viewCompleteImageLoaded] Can't find variable: uet

  :262 in error
[ERROR - 2015-09-10T21:54:36.758Z] Session [85fb86d0-5806-11e5-b5e1-4f12e0ed5bfb] - page.onError - stack:
  imageLoaded (http://z-ecx.images-amazon.com/images/G/01/AUIClients/RetailSearchAssets-0923d00117f894c45626f9b3997c635c825b256d._V2_.js#AUIClients/RetailSearchAssets.us.renderskin-pc.search-results-aui.weblab-SEARCH_54414-T2.min:9)
  (anonymous function) (http://www.amazon.com/s?ie=UTF8&page=1&rh=n%3A541966%2Ck%3Alaptop:980)
  (anonymous function) (http://www.amazon.com/s?ie=UTF8&page=1&rh=n%3A541966%2Ck%3Alaptop:24)
  (anonymous function) (http://www.amazon.com/s?ie=UTF8&page=1&rh=n%3A541966%2Ck%3Alaptop:10)
  (anonymous function) (http://www.amazon.com/s?ie=UTF8&page=1&rh=n%3A541966%2Ck%3Alaptop:11)
  D (http://www.amazon.com/s?ie=UTF8&page=1&rh=n%3A541966%2Ck%3Alaptop:14)

  :262 in error
[ERROR - 2015-09-10T21:54:36.768Z] Session [85fb86d0-5806-11e5-b5e1-4f12e0ed5bfb] - page.onError - msg: ReferenceError: [viewCompleteImageLoaded] Can't find variable: uet

  :262 in error
[ERROR - 2015-09-10T21:54:36.768Z] Session [85fb86d0-5806-11e5-b5e1-4f12e0ed5bfb] - page.onError - stack:
  imageLoaded (http://z-ecx.images-amazon.com/images/G/01/AUIClients/RetailSearchAssets-0923d00117f894c45626f9b3997c635c825b256d._V2_.js#AUIClients/RetailSearchAssets.us.renderskin-pc.search-results-aui.weblab-SEARCH_54414-T2.min:9)
  (anonymous function) (http://www.amazon.com/s?ie=UTF8&page=1&rh=n%3A541966%2Ck%3Alaptop:980)
  (anonymous function) (http://www.amazon.com/s?ie=UTF8&page=1&rh=n%3A541966%2Ck%3Alaptop:24)
  (anonymous function) (http://www.amazon.com/s?ie=UTF8&page=1&rh=n%3A541966%2Ck%3Alaptop:10)
  (anonymous function) (http://www.amazon.com/s?ie=UTF8&page=1&rh=n%3A541966%2Ck%3Alaptop:11)
  D (http://www.amazon.com/s?ie=UTF8&page=1&rh=n%3A541966%2Ck%3Alaptop:14)

  :262 in error
[ERROR - 2015-09-10T21:54:36.782Z] Session [85fb86d0-5806-11e5-b5e1-4f12e0ed5bfb] - page.onError - msg: ReferenceError: [viewCompleteImageLoaded] Can't find variable: uet

  :262 in error
[ERROR - 2015-09-10T21:54:36.782Z] Session [85fb86d0-5806-11e5-b5e1-4f12e0ed5bfb] - page.onError - stack:
  imageLoaded (http://z-ecx.images-amazon.com/images/G/01/AUIClients/RetailSearchAssets-0923d00117f894c45626f9b3997c635c825b256d._V2_.js#AUIClients/RetailSearchAssets.us.renderskin-pc.search-results-aui.weblab-SEARCH_54414-T2.min:9)
  (anonymous function) (http://www.amazon.com/s?ie=UTF8&page=1&rh=n%3A541966%2Ck%3Alaptop:980)
  (anonymous function) (http://www.amazon.com/s?ie=UTF8&page=1&rh=n%3A541966%2Ck%3Alaptop:24)
  (anonymous function) (http://www.amazon.com/s?ie=UTF8&page=1&rh=n%3A541966%2Ck%3Alaptop:10)
  (anonymous function) (http://www.amazon.com/s?ie=UTF8&page=1&rh=n%3A541966%2Ck%3Alaptop:11)
  D (http://www.amazon.com/s?ie=UTF8&page=1&rh=n%3A541966%2Ck%3Alaptop:14)

  :262 in error
[ERROR - 2015-09-10T21:54:36.788Z] Session [85fb86d0-5806-11e5-b5e1-4f12e0ed5bfb] - page.onError - msg: ReferenceError: [viewCompleteImageLoaded] Can't find variable: uet

  :262 in error
[ERROR - 2015-09-10T21:54:36.788Z] Session [85fb86d0-5806-11e5-b5e1-4f12e0ed5bfb] - page.onError - stack:
  imageLoaded (http://z-ecx.images-amazon.com/images/G/01/AUIClients/RetailSearchAssets-0923d00117f894c45626f9b3997c635c825b256d._V2_.js#AUIClients/RetailSearchAssets.us.renderskin-pc.search-results-aui.weblab-SEARCH_54414-T2.min:9)
  (anonymous function) (http://www.amazon.com/s?ie=UTF8&page=1&rh=n%3A541966%2Ck%3Alaptop:980)
  (anonymous function) (http://www.amazon.com/s?ie=UTF8&page=1&rh=n%3A541966%2Ck%3Alaptop:24)
  (anonymous function) (http://www.amazon.com/s?ie=UTF8&page=1&rh=n%3A541966%2Ck%3Alaptop:10)
  (anonymous function) (http://www.amazon.com/s?ie=UTF8&page=1&rh=n%3A541966%2Ck%3Alaptop:11)
  D (http://www.amazon.com/s?ie=UTF8&page=1&rh=n%3A541966%2Ck%3Alaptop:14)

  :262 in error
[ERROR - 2015-09-10T21:54:36.799Z] Session [85fb86d0-5806-11e5-b5e1-4f12e0ed5bfb] - page.onError - msg: ReferenceError: [viewCompleteImageLoaded] Can't find variable: uet

  :262 in error
[ERROR - 2015-09-10T21:54:36.799Z] Session [85fb86d0-5806-11e5-b5e1-4f12e0ed5bfb] - page.onError - stack:
  imageLoaded (http://z-ecx.images-amazon.com/images/G/01/AUIClients/RetailSearchAssets-0923d00117f894c45626f9b3997c635c825b256d._V2_.js#AUIClients/RetailSearchAssets.us.renderskin-pc.search-results-aui.weblab-SEARCH_54414-T2.min:9)
  (anonymous function) (http://www.amazon.com/s?ie=UTF8&page=1&rh=n%3A541966%2Ck%3Alaptop:980)
  (anonymous function) (http://www.amazon.com/s?ie=UTF8&page=1&rh=n%3A541966%2Ck%3Alaptop:24)
  (anonymous function) (http://www.amazon.com/s?ie=UTF8&page=1&rh=n%3A541966%2Ck%3Alaptop:10)
  (anonymous function) (http://www.amazon.com/s?ie=UTF8&page=1&rh=n%3A541966%2Ck%3Alaptop:11)
  D (http://www.amazon.com/s?ie=UTF8&page=1&rh=n%3A541966%2Ck%3Alaptop:14)

  :262 in error
[ERROR - 2015-09-10T21:54:36.810Z] Session [85fb86d0-5806-11e5-b5e1-4f12e0ed5bfb] - page.onError - msg: ReferenceError: [viewCompleteImageLoaded] Can't find variable: uet

  :262 in error
[ERROR - 2015-09-10T21:54:36.810Z] Session [85fb86d0-5806-11e5-b5e1-4f12e0ed5bfb] - page.onError - stack:
  imageLoaded (http://z-ecx.images-amazon.com/images/G/01/AUIClients/RetailSearchAssets-0923d00117f894c45626f9b3997c635c825b256d._V2_.js#AUIClients/RetailSearchAssets.us.renderskin-pc.search-results-aui.weblab-SEARCH_54414-T2.min:9)
  (anonymous function) (http://www.amazon.com/s?ie=UTF8&page=1&rh=n%3A541966%2Ck%3Alaptop:980)
  (anonymous function) (http://www.amazon.com/s?ie=UTF8&page=1&rh=n%3A541966%2Ck%3Alaptop:24)
  (anonymous function) (http://www.amazon.com/s?ie=UTF8&page=1&rh=n%3A541966%2Ck%3Alaptop:10)
  (anonymous function) (http://www.amazon.com/s?ie=UTF8&page=1&rh=n%3A541966%2Ck%3Alaptop:11)
  D (http://www.amazon.com/s?ie=UTF8&page=1&rh=n%3A541966%2Ck%3Alaptop:14)

  :262 in error
[ERROR - 2015-09-10T21:54:36.845Z] Session [85fb86d0-5806-11e5-b5e1-4f12e0ed5bfb] - page.onError - msg: ReferenceError: [viewCompleteImageLoaded] Can't find variable: uet

  :262 in error
[ERROR - 2015-09-10T21:54:36.845Z] Session [85fb86d0-5806-11e5-b5e1-4f12e0ed5bfb] - page.onError - stack:
  imageLoaded (http://z-ecx.images-amazon.com/images/G/01/AUIClients/RetailSearchAssets-0923d00117f894c45626f9b3997c635c825b256d._V2_.js#AUIClients/RetailSearchAssets.us.renderskin-pc.search-results-aui.weblab-SEARCH_54414-T2.min:9)
  (anonymous function) (http://www.amazon.com/s?ie=UTF8&page=1&rh=n%3A541966%2Ck%3Alaptop:980)
  (anonymous function) (http://www.amazon.com/s?ie=UTF8&page=1&rh=n%3A541966%2Ck%3Alaptop:24)
  (anonymous function) (http://www.amazon.com/s?ie=UTF8&page=1&rh=n%3A541966%2Ck%3Alaptop:10)
  (anonymous function) (http://www.amazon.com/s?ie=UTF8&page=1&rh=n%3A541966%2Ck%3Alaptop:11)
  D (http://www.amazon.com/s?ie=UTF8&page=1&rh=n%3A541966%2Ck%3Alaptop:14)

  :262 in error
[ERROR - 2015-09-10T21:54:36.845Z] Session [85fb86d0-5806-11e5-b5e1-4f12e0ed5bfb] - page.onError - msg: ReferenceError: [viewCompleteImageLoaded] Can't find variable: uet

  :262 in error
[ERROR - 2015-09-10T21:54:36.845Z] Session [85fb86d0-5806-11e5-b5e1-4f12e0ed5bfb] - page.onError - stack:
  imageLoaded (http://z-ecx.images-amazon.com/images/G/01/AUIClients/RetailSearchAssets-0923d00117f894c45626f9b3997c635c825b256d._V2_.js#AUIClients/RetailSearchAssets.us.renderskin-pc.search-results-aui.weblab-SEARCH_54414-T2.min:9)
  (anonymous function) (http://www.amazon.com/s?ie=UTF8&page=1&rh=n%3A541966%2Ck%3Alaptop:980)
  (anonymous function) (http://www.amazon.com/s?ie=UTF8&page=1&rh=n%3A541966%2Ck%3Alaptop:24)
  (anonymous function) (http://www.amazon.com/s?ie=UTF8&page=1&rh=n%3A541966%2Ck%3Alaptop:10)
  (anonymous function) (http://www.amazon.com/s?ie=UTF8&page=1&rh=n%3A541966%2Ck%3Alaptop:11)
  D (http://www.amazon.com/s?ie=UTF8&page=1&rh=n%3A541966%2Ck%3Alaptop:14)

  :262 in error
[ERROR - 2015-09-10T21:54:36.889Z] Session [85fb86d0-5806-11e5-b5e1-4f12e0ed5bfb] - page.onError - msg: ReferenceError: [viewCompleteImageLoaded] Can't find variable: uet

  :262 in error
[ERROR - 2015-09-10T21:54:36.889Z] Session [85fb86d0-5806-11e5-b5e1-4f12e0ed5bfb] - page.onError - stack:
  imageLoaded (http://z-ecx.images-amazon.com/images/G/01/AUIClients/RetailSearchAssets-0923d00117f894c45626f9b3997c635c825b256d._V2_.js#AUIClients/RetailSearchAssets.us.renderskin-pc.search-results-aui.weblab-SEARCH_54414-T2.min:9)
  (anonymous function) (http://www.amazon.com/s?ie=UTF8&page=1&rh=n%3A541966%2Ck%3Alaptop:980)
  (anonymous function) (http://www.amazon.com/s?ie=UTF8&page=1&rh=n%3A541966%2Ck%3Alaptop:24)
  (anonymous function) (http://www.amazon.com/s?ie=UTF8&page=1&rh=n%3A541966%2Ck%3Alaptop:10)
  (anonymous function) (http://www.amazon.com/s?ie=UTF8&page=1&rh=n%3A541966%2Ck%3Alaptop:11)
  D (http://www.amazon.com/s?ie=UTF8&page=1&rh=n%3A541966%2Ck%3Alaptop:14)

  :262 in error
[ERROR - 2015-09-10T21:54:36.900Z] Session [85fb86d0-5806-11e5-b5e1-4f12e0ed5bfb] - page.onError - msg: ReferenceError: [viewCompleteImageLoaded] Can't find variable: uet

  :262 in error
[ERROR - 2015-09-10T21:54:36.900Z] Session [85fb86d0-5806-11e5-b5e1-4f12e0ed5bfb] - page.onError - stack:
  imageLoaded (http://z-ecx.images-amazon.com/images/G/01/AUIClients/RetailSearchAssets-0923d00117f894c45626f9b3997c635c825b256d._V2_.js#AUIClients/RetailSearchAssets.us.renderskin-pc.search-results-aui.weblab-SEARCH_54414-T2.min:9)
  (anonymous function) (http://www.amazon.com/s?ie=UTF8&page=1&rh=n%3A541966%2Ck%3Alaptop:980)
  (anonymous function) (http://www.amazon.com/s?ie=UTF8&page=1&rh=n%3A541966%2Ck%3Alaptop:24)
  (anonymous function) (http://www.amazon.com/s?ie=UTF8&page=1&rh=n%3A541966%2Ck%3Alaptop:10)
  (anonymous function) (http://www.amazon.com/s?ie=UTF8&page=1&rh=n%3A541966%2Ck%3Alaptop:11)
  D (http://www.amazon.com/s?ie=UTF8&page=1&rh=n%3A541966%2Ck%3Alaptop:14)

  :262 in error
[ERROR - 2015-09-10T21:54:36.911Z] Session [85fb86d0-5806-11e5-b5e1-4f12e0ed5bfb] - page.onError - msg: ReferenceError: [viewCompleteImageLoaded] Can't find variable: uet

  :262 in error
[ERROR - 2015-09-10T21:54:36.911Z] Session [85fb86d0-5806-11e5-b5e1-4f12e0ed5bfb] - page.onError - stack:
  imageLoaded (http://z-ecx.images-amazon.com/images/G/01/AUIClients/RetailSearchAssets-0923d00117f894c45626f9b3997c635c825b256d._V2_.js#AUIClients/RetailSearchAssets.us.renderskin-pc.search-results-aui.weblab-SEARCH_54414-T2.min:9)
  (anonymous function) (http://www.amazon.com/s?ie=UTF8&page=1&rh=n%3A541966%2Ck%3Alaptop:980)
  (anonymous function) (http://www.amazon.com/s?ie=UTF8&page=1&rh=n%3A541966%2Ck%3Alaptop:24)
  (anonymous function) (http://www.amazon.com/s?ie=UTF8&page=1&rh=n%3A541966%2Ck%3Alaptop:10)
  (anonymous function) (http://www.amazon.com/s?ie=UTF8&page=1&rh=n%3A541966%2Ck%3Alaptop:11)
  D (http://www.amazon.com/s?ie=UTF8&page=1&rh=n%3A541966%2Ck%3Alaptop:14)

  :262 in error
[ERROR - 2015-09-10T21:54:36.922Z] Session [85fb86d0-5806-11e5-b5e1-4f12e0ed5bfb] - page.onError - msg: ReferenceError: [viewCompleteImageLoaded] Can't find variable: uet

  :262 in error
[ERROR - 2015-09-10T21:54:36.922Z] Session [85fb86d0-5806-11e5-b5e1-4f12e0ed5bfb] - page.onError - stack:
  imageLoaded (http://z-ecx.images-amazon.com/images/G/01/AUIClients/RetailSearchAssets-0923d00117f894c45626f9b3997c635c825b256d._V2_.js#AUIClients/RetailSearchAssets.us.renderskin-pc.search-results-aui.weblab-SEARCH_54414-T2.min:9)
  (anonymous function) (http://www.amazon.com/s?ie=UTF8&page=1&rh=n%3A541966%2Ck%3Alaptop:980)
  (anonymous function) (http://www.amazon.com/s?ie=UTF8&page=1&rh=n%3A541966%2Ck%3Alaptop:24)
  (anonymous function) (http://www.amazon.com/s?ie=UTF8&page=1&rh=n%3A541966%2Ck%3Alaptop:10)
  (anonymous function) (http://www.amazon.com/s?ie=UTF8&page=1&rh=n%3A541966%2Ck%3Alaptop:11)
  D (http://www.amazon.com/s?ie=UTF8&page=1&rh=n%3A541966%2Ck%3Alaptop:14)

  :262 in error
[ERROR - 2015-09-10T21:54:36.932Z] Session [85fb86d0-5806-11e5-b5e1-4f12e0ed5bfb] - page.onError - msg: ReferenceError: [viewCompleteImageLoaded] Can't find variable: uet

  :262 in error
[ERROR - 2015-09-10T21:54:36.932Z] Session [85fb86d0-5806-11e5-b5e1-4f12e0ed5bfb] - page.onError - stack:
  imageLoaded (http://z-ecx.images-amazon.com/images/G/01/AUIClients/RetailSearchAssets-0923d00117f894c45626f9b3997c635c825b256d._V2_.js#AUIClients/RetailSearchAssets.us.renderskin-pc.search-results-aui.weblab-SEARCH_54414-T2.min:9)
  (anonymous function) (http://www.amazon.com/s?ie=UTF8&page=1&rh=n%3A541966%2Ck%3Alaptop:980)
  (anonymous function) (http://www.amazon.com/s?ie=UTF8&page=1&rh=n%3A541966%2Ck%3Alaptop:24)
  (anonymous function) (http://www.amazon.com/s?ie=UTF8&page=1&rh=n%3A541966%2Ck%3Alaptop:10)
  (anonymous function) (http://www.amazon.com/s?ie=UTF8&page=1&rh=n%3A541966%2Ck%3Alaptop:11)
  D (http://www.amazon.com/s?ie=UTF8&page=1&rh=n%3A541966%2Ck%3Alaptop:14)

  :262 in error
[ERROR - 2015-09-10T21:54:37.001Z] Session [85fb86d0-5806-11e5-b5e1-4f12e0ed5bfb] - page.onError - msg: ReferenceError: [viewCompleteImageLoaded] Can't find variable: uet

  :262 in error
[ERROR - 2015-09-10T21:54:37.002Z] Session [85fb86d0-5806-11e5-b5e1-4f12e0ed5bfb] - page.onError - stack:
  imageLoaded (http://z-ecx.images-amazon.com/images/G/01/AUIClients/RetailSearchAssets-0923d00117f894c45626f9b3997c635c825b256d._V2_.js#AUIClients/RetailSearchAssets.us.renderskin-pc.search-results-aui.weblab-SEARCH_54414-T2.min:9)
  (anonymous function) (http://www.amazon.com/s?ie=UTF8&page=1&rh=n%3A541966%2Ck%3Alaptop:980)
  (anonymous function) (http://www.amazon.com/s?ie=UTF8&page=1&rh=n%3A541966%2Ck%3Alaptop:24)
  (anonymous function) (http://www.amazon.com/s?ie=UTF8&page=1&rh=n%3A541966%2Ck%3Alaptop:10)
  (anonymous function) (http://www.amazon.com/s?ie=UTF8&page=1&rh=n%3A541966%2Ck%3Alaptop:11)
  D (http://www.amazon.com/s?ie=UTF8&page=1&rh=n%3A541966%2Ck%3Alaptop:14)

  :262 in error
[ERROR - 2015-09-10T21:54:39.527Z] WebElementLocator - _handleLocateCommand - Element(s) NOT Found: GAVE UP. Search Stop Time: 1441922079521

  :262 in error
[ERROR - 2015-09-10T21:54:45.309Z] WebElementLocator - _handleLocateCommand - Element(s) NOT Found: GAVE UP. Search Stop Time: 1441922085260

  :262 in error
[ERROR - 2015-09-10T21:54:48.842Z] WebElementLocator - _handleLocateCommand - Element(s) NOT Found: GAVE UP. Search Stop Time: 1441922088790

  :262 in error
[ERROR - 2015-09-10T21:54:52.102Z] WebElementLocator - _handleLocateCommand - Element(s) NOT Found: GAVE UP. Search Stop Time: 1441922092087

  :262 in error
[ERROR - 2015-09-10T21:54:54.416Z] WebElementLocator - _handleLocateCommand - Element(s) NOT Found: GAVE UP. Search Stop Time: 1441922094359

  :262 in error
[ERROR - 2015-09-10T21:54:57.318Z] Session [85fb86d0-5806-11e5-b5e1-4f12e0ed5bfb] - page.onError - msg: ReferenceError: [viewCompleteImageLoaded] Can't find variable: uet

  :262 in error
[ERROR - 2015-09-10T21:54:57.318Z] Session [85fb86d0-5806-11e5-b5e1-4f12e0ed5bfb] - page.onError - stack:
  imageLoaded (http://z-ecx.images-amazon.com/images/G/01/AUIClients/RetailSearchAssets-0923d00117f894c45626f9b3997c635c825b256d._V2_.js#AUIClients/RetailSearchAssets.us.renderskin-pc.search-results-aui.weblab-SEARCH_54414-T2.min:9)
  (anonymous function) (http://www.amazon.com/s?ie=UTF8&page=1&rh=n%3A541966%2Ck%3Atablet:980)
  (anonymous function) (http://www.amazon.com/s?ie=UTF8&page=1&rh=n%3A541966%2Ck%3Atablet:24)
  (anonymous function) (http://www.amazon.com/s?ie=UTF8&page=1&rh=n%3A541966%2Ck%3Atablet:10)
  (anonymous function) (http://www.amazon.com/s?ie=UTF8&page=1&rh=n%3A541966%2Ck%3Atablet:11)
  D (http://www.amazon.com/s?ie=UTF8&page=1&rh=n%3A541966%2Ck%3Atablet:14)

  :262 in error
[ERROR - 2015-09-10T21:54:57.320Z] Session [85fb86d0-5806-11e5-b5e1-4f12e0ed5bfb] - page.onError - msg: ReferenceError: [viewCompleteImageLoaded] Can't find variable: uet

  :262 in error
[ERROR - 2015-09-10T21:54:57.320Z] Session [85fb86d0-5806-11e5-b5e1-4f12e0ed5bfb] - page.onError - stack:
  imageLoaded (http://z-ecx.images-amazon.com/images/G/01/AUIClients/RetailSearchAssets-0923d00117f894c45626f9b3997c635c825b256d._V2_.js#AUIClients/RetailSearchAssets.us.renderskin-pc.search-results-aui.weblab-SEARCH_54414-T2.min:9)
  (anonymous function) (http://www.amazon.com/s?ie=UTF8&page=1&rh=n%3A541966%2Ck%3Atablet:980)
  (anonymous function) (http://www.amazon.com/s?ie=UTF8&page=1&rh=n%3A541966%2Ck%3Atablet:24)
  (anonymous function) (http://www.amazon.com/s?ie=UTF8&page=1&rh=n%3A541966%2Ck%3Atablet:10)
  (anonymous function) (http://www.amazon.com/s?ie=UTF8&page=1&rh=n%3A541966%2Ck%3Atablet:11)
  D (http://www.amazon.com/s?ie=UTF8&page=1&rh=n%3A541966%2Ck%3Atablet:14)

  :262 in error
[ERROR - 2015-09-10T21:54:57.332Z] Session [85fb86d0-5806-11e5-b5e1-4f12e0ed5bfb] - page.onError - msg: ReferenceError: [viewCompleteImageLoaded] Can't find variable: uet

  :262 in error
[ERROR - 2015-09-10T21:54:57.332Z] Session [85fb86d0-5806-11e5-b5e1-4f12e0ed5bfb] - page.onError - stack:
  imageLoaded (http://z-ecx.images-amazon.com/images/G/01/AUIClients/RetailSearchAssets-0923d00117f894c45626f9b3997c635c825b256d._V2_.js#AUIClients/RetailSearchAssets.us.renderskin-pc.search-results-aui.weblab-SEARCH_54414-T2.min:9)
  (anonymous function) (http://www.amazon.com/s?ie=UTF8&page=1&rh=n%3A541966%2Ck%3Atablet:980)
  (anonymous function) (http://www.amazon.com/s?ie=UTF8&page=1&rh=n%3A541966%2Ck%3Atablet:24)
  (anonymous function) (http://www.amazon.com/s?ie=UTF8&page=1&rh=n%3A541966%2Ck%3Atablet:10)
  (anonymous function) (http://www.amazon.com/s?ie=UTF8&page=1&rh=n%3A541966%2Ck%3Atablet:11)
  D (http://www.amazon.com/s?ie=UTF8&page=1&rh=n%3A541966%2Ck%3Atablet:14)

  :262 in error
[ERROR - 2015-09-10T21:54:57.347Z] Session [85fb86d0-5806-11e5-b5e1-4f12e0ed5bfb] - page.onError - msg: ReferenceError: [viewCompleteImageLoaded] Can't find variable: uet

  :262 in error
[ERROR - 2015-09-10T21:54:57.347Z] Session [85fb86d0-5806-11e5-b5e1-4f12e0ed5bfb] - page.onError - stack:
  imageLoaded (http://z-ecx.images-amazon.com/images/G/01/AUIClients/RetailSearchAssets-0923d00117f894c45626f9b3997c635c825b256d._V2_.js#AUIClients/RetailSearchAssets.us.renderskin-pc.search-results-aui.weblab-SEARCH_54414-T2.min:9)
  (anonymous function) (http://www.amazon.com/s?ie=UTF8&page=1&rh=n%3A541966%2Ck%3Atablet:980)
  (anonymous function) (http://www.amazon.com/s?ie=UTF8&page=1&rh=n%3A541966%2Ck%3Atablet:24)
  (anonymous function) (http://www.amazon.com/s?ie=UTF8&page=1&rh=n%3A541966%2Ck%3Atablet:10)
  (anonymous function) (http://www.amazon.com/s?ie=UTF8&page=1&rh=n%3A541966%2Ck%3Atablet:11)
  D (http://www.amazon.com/s?ie=UTF8&page=1&rh=n%3A541966%2Ck%3Atablet:14)

  :262 in error
[ERROR - 2015-09-10T21:54:57.358Z] Session [85fb86d0-5806-11e5-b5e1-4f12e0ed5bfb] - page.onError - msg: ReferenceError: [viewCompleteImageLoaded] Can't find variable: uet

  :262 in error
[ERROR - 2015-09-10T21:54:57.358Z] Session [85fb86d0-5806-11e5-b5e1-4f12e0ed5bfb] - page.onError - stack:
  imageLoaded (http://z-ecx.images-amazon.com/images/G/01/AUIClients/RetailSearchAssets-0923d00117f894c45626f9b3997c635c825b256d._V2_.js#AUIClients/RetailSearchAssets.us.renderskin-pc.search-results-aui.weblab-SEARCH_54414-T2.min:9)
  (anonymous function) (http://www.amazon.com/s?ie=UTF8&page=1&rh=n%3A541966%2Ck%3Atablet:980)
  (anonymous function) (http://www.amazon.com/s?ie=UTF8&page=1&rh=n%3A541966%2Ck%3Atablet:24)
  (anonymous function) (http://www.amazon.com/s?ie=UTF8&page=1&rh=n%3A541966%2Ck%3Atablet:10)
  (anonymous function) (http://www.amazon.com/s?ie=UTF8&page=1&rh=n%3A541966%2Ck%3Atablet:11)
  D (http://www.amazon.com/s?ie=UTF8&page=1&rh=n%3A541966%2Ck%3Atablet:14)

  :262 in error
[ERROR - 2015-09-10T21:54:57.367Z] Session [85fb86d0-5806-11e5-b5e1-4f12e0ed5bfb] - page.onError - msg: ReferenceError: [viewCompleteImageLoaded] Can't find variable: uet

  :262 in error
[ERROR - 2015-09-10T21:54:57.368Z] Session [85fb86d0-5806-11e5-b5e1-4f12e0ed5bfb] - page.onError - stack:
  imageLoaded (http://z-ecx.images-amazon.com/images/G/01/AUIClients/RetailSearchAssets-0923d00117f894c45626f9b3997c635c825b256d._V2_.js#AUIClients/RetailSearchAssets.us.renderskin-pc.search-results-aui.weblab-SEARCH_54414-T2.min:9)
  (anonymous function) (http://www.amazon.com/s?ie=UTF8&page=1&rh=n%3A541966%2Ck%3Atablet:980)
  (anonymous function) (http://www.amazon.com/s?ie=UTF8&page=1&rh=n%3A541966%2Ck%3Atablet:24)
  (anonymous function) (http://www.amazon.com/s?ie=UTF8&page=1&rh=n%3A541966%2Ck%3Atablet:10)
  (anonymous function) (http://www.amazon.com/s?ie=UTF8&page=1&rh=n%3A541966%2Ck%3Atablet:11)
  D (http://www.amazon.com/s?ie=UTF8&page=1&rh=n%3A541966%2Ck%3Atablet:14)

  :262 in error
[ERROR - 2015-09-10T21:54:57.378Z] Session [85fb86d0-5806-11e5-b5e1-4f12e0ed5bfb] - page.onError - msg: ReferenceError: [viewCompleteImageLoaded] Can't find variable: uet

  :262 in error
[ERROR - 2015-09-10T21:54:57.378Z] Session [85fb86d0-5806-11e5-b5e1-4f12e0ed5bfb] - page.onError - stack:
  imageLoaded (http://z-ecx.images-amazon.com/images/G/01/AUIClients/RetailSearchAssets-0923d00117f894c45626f9b3997c635c825b256d._V2_.js#AUIClients/RetailSearchAssets.us.renderskin-pc.search-results-aui.weblab-SEARCH_54414-T2.min:9)
  (anonymous function) (http://www.amazon.com/s?ie=UTF8&page=1&rh=n%3A541966%2Ck%3Atablet:980)
  (anonymous function) (http://www.amazon.com/s?ie=UTF8&page=1&rh=n%3A541966%2Ck%3Atablet:24)
  (anonymous function) (http://www.amazon.com/s?ie=UTF8&page=1&rh=n%3A541966%2Ck%3Atablet:10)
  (anonymous function) (http://www.amazon.com/s?ie=UTF8&page=1&rh=n%3A541966%2Ck%3Atablet:11)
  D (http://www.amazon.com/s?ie=UTF8&page=1&rh=n%3A541966%2Ck%3Atablet:14)

  :262 in error
[ERROR - 2015-09-10T21:54:57.397Z] Session [85fb86d0-5806-11e5-b5e1-4f12e0ed5bfb] - page.onError - msg: ReferenceError: [viewCompleteImageLoaded] Can't find variable: uet

  :262 in error
[ERROR - 2015-09-10T21:54:57.397Z] Session [85fb86d0-5806-11e5-b5e1-4f12e0ed5bfb] - page.onError - stack:
  imageLoaded (http://z-ecx.images-amazon.com/images/G/01/AUIClients/RetailSearchAssets-0923d00117f894c45626f9b3997c635c825b256d._V2_.js#AUIClients/RetailSearchAssets.us.renderskin-pc.search-results-aui.weblab-SEARCH_54414-T2.min:9)
  (anonymous function) (http://www.amazon.com/s?ie=UTF8&page=1&rh=n%3A541966%2Ck%3Atablet:980)
  (anonymous function) (http://www.amazon.com/s?ie=UTF8&page=1&rh=n%3A541966%2Ck%3Atablet:24)
  (anonymous function) (http://www.amazon.com/s?ie=UTF8&page=1&rh=n%3A541966%2Ck%3Atablet:10)
  (anonymous function) (http://www.amazon.com/s?ie=UTF8&page=1&rh=n%3A541966%2Ck%3Atablet:11)
  D (http://www.amazon.com/s?ie=UTF8&page=1&rh=n%3A541966%2Ck%3Atablet:14)

  :262 in error
[ERROR - 2015-09-10T21:54:57.477Z] Session [85fb86d0-5806-11e5-b5e1-4f12e0ed5bfb] - page.onError - msg: ReferenceError: [viewCompleteImageLoaded] Can't find variable: uet

  :262 in error
[ERROR - 2015-09-10T21:54:57.477Z] Session [85fb86d0-5806-11e5-b5e1-4f12e0ed5bfb] - page.onError - stack:
  imageLoaded (http://z-ecx.images-amazon.com/images/G/01/AUIClients/RetailSearchAssets-0923d00117f894c45626f9b3997c635c825b256d._V2_.js#AUIClients/RetailSearchAssets.us.renderskin-pc.search-results-aui.weblab-SEARCH_54414-T2.min:9)
  (anonymous function) (http://www.amazon.com/s?ie=UTF8&page=1&rh=n%3A541966%2Ck%3Atablet:980)
  (anonymous function) (http://www.amazon.com/s?ie=UTF8&page=1&rh=n%3A541966%2Ck%3Atablet:24)
  (anonymous function) (http://www.amazon.com/s?ie=UTF8&page=1&rh=n%3A541966%2Ck%3Atablet:10)
  (anonymous function) (http://www.amazon.com/s?ie=UTF8&page=1&rh=n%3A541966%2Ck%3Atablet:11)
  D (http://www.amazon.com/s?ie=UTF8&page=1&rh=n%3A541966%2Ck%3Atablet:14)

  :262 in error
[ERROR - 2015-09-10T21:54:57.526Z] Session [85fb86d0-5806-11e5-b5e1-4f12e0ed5bfb] - page.onError - msg: ReferenceError: [viewCompleteImageLoaded] Can't find variable: uet

  :262 in error
[ERROR - 2015-09-10T21:54:57.526Z] Session [85fb86d0-5806-11e5-b5e1-4f12e0ed5bfb] - page.onError - stack:
  imageLoaded (http://z-ecx.images-amazon.com/images/G/01/AUIClients/RetailSearchAssets-0923d00117f894c45626f9b3997c635c825b256d._V2_.js#AUIClients/RetailSearchAssets.us.renderskin-pc.search-results-aui.weblab-SEARCH_54414-T2.min:9)
  (anonymous function) (http://www.amazon.com/s?ie=UTF8&page=1&rh=n%3A541966%2Ck%3Atablet:980)
  (anonymous function) (http://www.amazon.com/s?ie=UTF8&page=1&rh=n%3A541966%2Ck%3Atablet:24)
  (anonymous function) (http://www.amazon.com/s?ie=UTF8&page=1&rh=n%3A541966%2Ck%3Atablet:10)
  (anonymous function) (http://www.amazon.com/s?ie=UTF8&page=1&rh=n%3A541966%2Ck%3Atablet:11)
  D (http://www.amazon.com/s?ie=UTF8&page=1&rh=n%3A541966%2Ck%3Atablet:14)

  :262 in error
[ERROR - 2015-09-10T21:54:57.581Z] Session [85fb86d0-5806-11e5-b5e1-4f12e0ed5bfb] - page.onError - msg: ReferenceError: [viewCompleteImageLoaded] Can't find variable: uet

  :262 in error
[ERROR - 2015-09-10T21:54:57.581Z] Session [85fb86d0-5806-11e5-b5e1-4f12e0ed5bfb] - page.onError - stack:
  imageLoaded (http://z-ecx.images-amazon.com/images/G/01/AUIClients/RetailSearchAssets-0923d00117f894c45626f9b3997c635c825b256d._V2_.js#AUIClients/RetailSearchAssets.us.renderskin-pc.search-results-aui.weblab-SEARCH_54414-T2.min:9)
  (anonymous function) (http://www.amazon.com/s?ie=UTF8&page=1&rh=n%3A541966%2Ck%3Atablet:980)
  (anonymous function) (http://www.amazon.com/s?ie=UTF8&page=1&rh=n%3A541966%2Ck%3Atablet:24)
  (anonymous function) (http://www.amazon.com/s?ie=UTF8&page=1&rh=n%3A541966%2Ck%3Atablet:10)
  (anonymous function) (http://www.amazon.com/s?ie=UTF8&page=1&rh=n%3A541966%2Ck%3Atablet:11)
  D (http://www.amazon.com/s?ie=UTF8&page=1&rh=n%3A541966%2Ck%3Atablet:14)

  :262 in error
[ERROR - 2015-09-10T21:54:57.642Z] Session [85fb86d0-5806-11e5-b5e1-4f12e0ed5bfb] - page.onError - msg: ReferenceError: [viewCompleteImageLoaded] Can't find variable: uet

  :262 in error
[ERROR - 2015-09-10T21:54:57.642Z] Session [85fb86d0-5806-11e5-b5e1-4f12e0ed5bfb] - page.onError - stack:
  imageLoaded (http://z-ecx.images-amazon.com/images/G/01/AUIClients/RetailSearchAssets-0923d00117f894c45626f9b3997c635c825b256d._V2_.js#AUIClients/RetailSearchAssets.us.renderskin-pc.search-results-aui.weblab-SEARCH_54414-T2.min:9)
  (anonymous function) (http://www.amazon.com/s?ie=UTF8&page=1&rh=n%3A541966%2Ck%3Atablet:980)
  (anonymous function) (http://www.amazon.com/s?ie=UTF8&page=1&rh=n%3A541966%2Ck%3Atablet:24)
  (anonymous function) (http://www.amazon.com/s?ie=UTF8&page=1&rh=n%3A541966%2Ck%3Atablet:10)
  (anonymous function) (http://www.amazon.com/s?ie=UTF8&page=1&rh=n%3A541966%2Ck%3Atablet:11)
  D (http://www.amazon.com/s?ie=UTF8&page=1&rh=n%3A541966%2Ck%3Atablet:14)

  :262 in error
[ERROR - 2015-09-10T21:54:57.669Z] Session [85fb86d0-5806-11e5-b5e1-4f12e0ed5bfb] - page.onError - msg: ReferenceError: [viewCompleteImageLoaded] Can't find variable: uet

  :262 in error
[ERROR - 2015-09-10T21:54:57.670Z] Session [85fb86d0-5806-11e5-b5e1-4f12e0ed5bfb] - page.onError - stack:
  imageLoaded (http://z-ecx.images-amazon.com/images/G/01/AUIClients/RetailSearchAssets-0923d00117f894c45626f9b3997c635c825b256d._V2_.js#AUIClients/RetailSearchAssets.us.renderskin-pc.search-results-aui.weblab-SEARCH_54414-T2.min:9)
  (anonymous function) (http://www.amazon.com/s?ie=UTF8&page=1&rh=n%3A541966%2Ck%3Atablet:980)
  (anonymous function) (http://www.amazon.com/s?ie=UTF8&page=1&rh=n%3A541966%2Ck%3Atablet:24)
  (anonymous function) (http://www.amazon.com/s?ie=UTF8&page=1&rh=n%3A541966%2Ck%3Atablet:10)
  (anonymous function) (http://www.amazon.com/s?ie=UTF8&page=1&rh=n%3A541966%2Ck%3Atablet:11)
  D (http://www.amazon.com/s?ie=UTF8&page=1&rh=n%3A541966%2Ck%3Atablet:14)

  :262 in error
[ERROR - 2015-09-10T21:54:57.696Z] Session [85fb86d0-5806-11e5-b5e1-4f12e0ed5bfb] - page.onError - msg: ReferenceError: [viewCompleteImageLoaded] Can't find variable: uet

  :262 in error
[ERROR - 2015-09-10T21:54:57.696Z] Session [85fb86d0-5806-11e5-b5e1-4f12e0ed5bfb] - page.onError - stack:
  imageLoaded (http://z-ecx.images-amazon.com/images/G/01/AUIClients/RetailSearchAssets-0923d00117f894c45626f9b3997c635c825b256d._V2_.js#AUIClients/RetailSearchAssets.us.renderskin-pc.search-results-aui.weblab-SEARCH_54414-T2.min:9)
  (anonymous function) (http://www.amazon.com/s?ie=UTF8&page=1&rh=n%3A541966%2Ck%3Atablet:980)
  (anonymous function) (http://www.amazon.com/s?ie=UTF8&page=1&rh=n%3A541966%2Ck%3Atablet:24)
  (anonymous function) (http://www.amazon.com/s?ie=UTF8&page=1&rh=n%3A541966%2Ck%3Atablet:10)
  (anonymous function) (http://www.amazon.com/s?ie=UTF8&page=1&rh=n%3A541966%2Ck%3Atablet:11)
  D (http://www.amazon.com/s?ie=UTF8&page=1&rh=n%3A541966%2Ck%3Atablet:14)

  :262 in error
[ERROR - 2015-09-10T21:54:57.860Z] Session [85fb86d0-5806-11e5-b5e1-4f12e0ed5bfb] - page.onError - msg: ReferenceError: [viewCompleteImageLoaded] Can't find variable: uet

  :262 in error
[ERROR - 2015-09-10T21:54:57.860Z] Session [85fb86d0-5806-11e5-b5e1-4f12e0ed5bfb] - page.onError - stack:
  imageLoaded (http://z-ecx.images-amazon.com/images/G/01/AUIClients/RetailSearchAssets-0923d00117f894c45626f9b3997c635c825b256d._V2_.js#AUIClients/RetailSearchAssets.us.renderskin-pc.search-results-aui.weblab-SEARCH_54414-T2.min:9)
  (anonymous function) (http://www.amazon.com/s?ie=UTF8&page=1&rh=n%3A541966%2Ck%3Atablet:980)
  (anonymous function) (http://www.amazon.com/s?ie=UTF8&page=1&rh=n%3A541966%2Ck%3Atablet:24)
  (anonymous function) (http://www.amazon.com/s?ie=UTF8&page=1&rh=n%3A541966%2Ck%3Atablet:10)
  (anonymous function) (http://www.amazon.com/s?ie=UTF8&page=1&rh=n%3A541966%2Ck%3Atablet:11)
  D (http://www.amazon.com/s?ie=UTF8&page=1&rh=n%3A541966%2Ck%3Atablet:14)

  :262 in error
[ERROR - 2015-09-10T21:54:57.882Z] Session [85fb86d0-5806-11e5-b5e1-4f12e0ed5bfb] - page.onError - msg: ReferenceError: [viewCompleteImageLoaded] Can't find variable: uet

  :262 in error
[ERROR - 2015-09-10T21:54:57.882Z] Session [85fb86d0-5806-11e5-b5e1-4f12e0ed5bfb] - page.onError - stack:
  imageLoaded (http://z-ecx.images-amazon.com/images/G/01/AUIClients/RetailSearchAssets-0923d00117f894c45626f9b3997c635c825b256d._V2_.js#AUIClients/RetailSearchAssets.us.renderskin-pc.search-results-aui.weblab-SEARCH_54414-T2.min:9)
  (anonymous function) (http://www.amazon.com/s?ie=UTF8&page=1&rh=n%3A541966%2Ck%3Atablet:980)
  (anonymous function) (http://www.amazon.com/s?ie=UTF8&page=1&rh=n%3A541966%2Ck%3Atablet:24)
  (anonymous function) (http://www.amazon.com/s?ie=UTF8&page=1&rh=n%3A541966%2Ck%3Atablet:10)
  (anonymous function) (http://www.amazon.com/s?ie=UTF8&page=1&rh=n%3A541966%2Ck%3Atablet:11)
  D (http://www.amazon.com/s?ie=UTF8&page=1&rh=n%3A541966%2Ck%3Atablet:14)

  :262 in error
[ERROR - 2015-09-10T21:54:58.001Z] Session [85fb86d0-5806-11e5-b5e1-4f12e0ed5bfb] - page.onError - msg: ReferenceError: [viewCompleteImageLoaded] Can't find variable: uet

  :262 in error
[ERROR - 2015-09-10T21:54:58.001Z] Session [85fb86d0-5806-11e5-b5e1-4f12e0ed5bfb] - page.onError - stack:
  imageLoaded (http://z-ecx.images-amazon.com/images/G/01/AUIClients/RetailSearchAssets-0923d00117f894c45626f9b3997c635c825b256d._V2_.js#AUIClients/RetailSearchAssets.us.renderskin-pc.search-results-aui.weblab-SEARCH_54414-T2.min:9)
  (anonymous function) (http://www.amazon.com/s?ie=UTF8&page=1&rh=n%3A541966%2Ck%3Atablet:980)
  (anonymous function) (http://www.amazon.com/s?ie=UTF8&page=1&rh=n%3A541966%2Ck%3Atablet:24)
  (anonymous function) (http://www.amazon.com/s?ie=UTF8&page=1&rh=n%3A541966%2Ck%3Atablet:10)
  (anonymous function) (http://www.amazon.com/s?ie=UTF8&page=1&rh=n%3A541966%2Ck%3Atablet:11)
  D (http://www.amazon.com/s?ie=UTF8&page=1&rh=n%3A541966%2Ck%3Atablet:14)

  :262 in error
[ERROR - 2015-09-10T21:54:58.120Z] Session [85fb86d0-5806-11e5-b5e1-4f12e0ed5bfb] - page.onError - msg: ReferenceError: [viewCompleteImageLoaded] Can't find variable: uet

  :262 in error
[ERROR - 2015-09-10T21:54:58.120Z] Session [85fb86d0-5806-11e5-b5e1-4f12e0ed5bfb] - page.onError - stack:
  imageLoaded (http://z-ecx.images-amazon.com/images/G/01/AUIClients/RetailSearchAssets-0923d00117f894c45626f9b3997c635c825b256d._V2_.js#AUIClients/RetailSearchAssets.us.renderskin-pc.sear[INFO  - 2015-09-10T21:55:46.271Z] SessionManagerReqHand - _cleanupWindowlessSessions - Asynchronous Sessions clean-up phase starting NOW
[INFO  - 2015-09-10T22:00:46.253Z] SessionManagerReqHand - _cleanupWindowlessSessions - Asynchronous Sessions clean-up phase starting NOW
com/s?ie=UTF8&page=1&rh=n%3A541966%2Ck%3Atablet:10)
  (anonymous function) (http://www.amazon.com/s?ie=UTF8&page=1&rh=n%3A541966%2Ck%3Atablet:11)
  D (http://www.amazon.com/s?ie=UTF8&page=1&rh=n%3A541966%2Ck%3Atablet:14)

  :262 in error
[ERROR - 2015-09-10T21:54:58.132Z] Session [85fb86d0-5806-11e5-b5e1-4f12e0ed5bfb] - page.onError - msg: ReferenceError: [viewCompleteImageLoaded] Can't find variable: uet

  :262 in error
[ERROR - 2015-09-10T21:54:58.132Z] Session [85fb86d0-5806-11e5-b5e1-4f12e0ed5bfb] - page.onError - stack:
  imageLoaded (http://z-ecx.images-amazon.com/images/G/01/AUIClients/RetailSearchAssets-0923d00117f894c45626f9b3997c635c825b256d._V2_.js#AUIClients/RetailSearchAssets.us.renderskin-pc.search-results-aui.weblab-SEARCH_54414-T2.min:9)
  (anonymous function) (http://www.amazon.com/s?ie=UTF8&page=1&rh=n%3A541966%2Ck%3Atablet:980)
  (anonymous function) (http://www.amazon.com/s?ie=UTF8&page=1&rh=n%3A541966%2Ck%3Atablet:24)
  (anonymous function) (http://www.amazon.com/s?ie=UTF8&page=1&rh=n%3A541966%2Ck%3Atablet:10)
  (anonymous function) (http://www.amazon.com/s?ie=UTF8&page=1&rh=n%3A541966%2Ck%3Atablet:11)
  D (http://www.amazon.com/s?ie=UTF8&page=1&rh=n%3A541966%2Ck%3Atablet:14)

  :262 in error
[ERROR - 2015-09-10T21:54:58.159Z] Session [85fb86d0-5806-11e5-b5e1-4f12e0ed5bfb] - page.onError - msg: ReferenceError: [viewCompleteImageLoaded] Can't find variable: uet

  :262 in error
[ERROR - 2015-09-10T21:54:58.159Z] Session [85fb86d0-5806-11e5-b5e1-4f12e0ed5bfb] - page.onError - stack:
  imageLoaded (http://z-ecx.images-amazon.com/images/G/01/AUIClients/RetailSearchAssets-0923d00117f894c45626f9b3997c635c825b256d._V2_.js#AUIClients/RetailSearchAssets.us.renderskin-pc.search-results-aui.weblab-SEARCH_54414-T2.min:9)
  (anonymous function) (http://www.amazon.com/s?ie=UTF8&page=1&rh=n%3A541966%2Ck%3Atablet:980[INFO  - 2015-09-10T21:56:02.543Z] SessionManagerReqHand - _cleanupWindowlessSessions - Asynchronous Sessions clean-up phase starting NOW
[INFO  - 2015-09-10T22:01:02.526Z] SessionManagerReqHand - _cleanupWindowlessSessions - Asynchronous Sessions clean-up phase starting NOW
let:11)
  D (http://www.amazon.com/s?ie=UTF8&page=1&rh=n%3A541966%2Ck%3Atablet:14)

  :262 in error
[ERROR - 2015-09-10T21:54:58.200Z] Session [85fb86d0-5806-11e5-b5e1-4f12e0ed5bfb] - page.onError - msg: ReferenceError: [viewCompleteImageLoaded] Can't find variable: uet

  :262 in error
[ERROR - 2015-09-10T21:54:58.201Z] Session [85fb86d0-5806-11e5-b5e1-4f12e0ed5bfb] - page.onError - stack:
  imageLoaded (http://z-ecx.images-amazon.com/images/G/01/AUIClients/RetailSearchAssets-0923d00117f894c45626f9b3997c635c825b256d._V2_.js#AUIClients/RetailSearchAssets.us.renderskin-pc.search-results-aui.weblab-SEARCH_54414-T2.min:9)
  (anonymous function) (http://www.amazon.com/s?ie=UTF8&page=1&rh=n%3A541966%2Ck%3Atablet:980)
  (anonymous function) (http://www.amazon.com/s?ie=UTF8&page=1&rh=n%3A541966%2Ck%3Atablet:24)
  (anonymous function) (http://www.amazon.[INFO  - 2015-09-10T21:58:18.120Z] SessionManagerReqHand - _cleanupWindowlessSessions - Asynchronous Sessions clean-up phase starting NOW
let:11)
  D (http://www.amazon.com/s?ie=UTF8&page=1&rh=n%3A541966%2Ck%3Atablet:14)

  :262 in error
[ERROR - 2015-09-10T21:54:58.323Z] Session [85fb86d0-5806-11e5-b5e1-4f12e0ed5bfb] - page.onError - msg: ReferenceError: [viewCompleteImageLoaded] Can't find variable: uet

  :262 in error
[ERROR - 2015-09-10T21:54:58.323Z] Session [85fb86d0-5806-11e5-b5e1-4f12e0ed5bfb] - page.onError - stack:
  imageLoaded (http://z-ecx.images-amazon.com/images/G/01/AUIClients/RetailSearchAssets-0923d00117f894c45626f9b3997c635c825b256d._V2_.js#AUIClients/RetailSearchAssets.us.renderskin-pc.search-results-aui.weblab-SEARCH_54414-T2.min:9)
  (anonymous function) (http://www.amazon.com/s?ie=UTF8&page=1&rh=n%3A541966%2Ck%3Atablet:980)
  (anonymous function) (http://www.amazon.com/s?ie=UTF8&page=1&rh=n%3A541966%2Ck%3Atablet:24)
  (anonymous function) (http://www.amazon.com/s?ie=UTF8&page=1&rh=n%3A541966%2Ck%3Atablet:10)
  (anonymous function) (http://www.amazon.com/s?ie=UTF8&page=1&rh=n%3A541966%2Ck%3Atablet:11)
  D (http://www.amazon.com/s?ie=UTF8&page=1&rh=n%3A541966%2Ck%3Atablet:14)

  :262 in error
[ERROR - 2015-09-10T21:54:58.338Z] Session [85fb86d0-5806-11e5-b5e1-4f12e0ed5bfb] - page.onError - msg: ReferenceError: [viewCompleteImageLoaded] Can't find variable: uet

  :262 in error
[ERROR - 2015-09-10T21:54:58.338Z] Session [85fb86d0-5806-11e5-b5e1-4f12e0ed5bfb] - page.onError - stack:
  imageLoaded (http://z-ecx.images-amazon.com/images/G/01/AUIClients/RetailSearchAssets-0923d00117f894c45626f9b3997c635c825b256d._V2_.js#AUIClients/RetailSearchAssets.us.renderskin-pc.search-results-aui.weblab-SEARCH_54414-T2.min:9)
  (anonymous function) (http://www.amazon.com/s?ie=UTF8&page=1&rh=n%3A541966%2Ck%3Atablet:980)
  (anonymous function) (http://www.amazon.com/s?ie=UTF8&page=1&rh=n%3A541966%2Ck%3Atablet:24)
  (anonymous function) (http://www.amazon.com/s?ie=UTF8&page=1&rh=n%3A541966%2Ck%3Atablet:10)
  (anonymous function) (http://www.amazon.com/s?ie=UTF8&page=1&rh=n%3A541966%2Ck%3Atablet:11)
  D (http://www.amazon.com/s?ie=UTF8&page=1&rh=n%3A541966%2Ck%3Atablet:14)

  :262 in error
[ERROR - 2015-09-10T21:54:58.356Z] Session [85fb86d0-5806-11e5-b5e1-4f12e0ed5bfb] - page.onError - msg: ReferenceError: [viewCompleteImageLoaded] Can't find variable: uet

  :262 in error
[ERROR - 2015-09-1[INFO  - 2015-09-10T21:58:41.373Z] SessionManagerReqHand - _cleanupWindowlessSessions - Asynchronous Sessions clean-up phase starting NOW
[INFO  - 2015-09-10T21:56:58.712Z] SessionManagerReqHand - _cleanupWindowlessSessions - Asynchronous Sessions clean-up phase starting NOW
ch-results-aui.weblab-SEARCH_54414-T2.min:9)
  (anonymous function) (http://www.amazon.com/s?ie=UTF8&page=1&rh=n%3A541966%2Ck%3Atablet:980[INFO  - 2015-09-10T21:55:30.339Z] SessionManagerReqHand - _cleanupWindowlessSessions - Asynchronous Sessions clean-up phase starting NOW
[INFO  - 2015-09-10T22:00:30.323Z] SessionManagerReqHand - _cleanupWindowlessSessions - Asynchronous Sessions clean-up phase starting NOW
let:11)
  D (http://www.amazon.com/s?ie=UTF8&page=1&rh=n%3A541966%2Ck%3Atablet:14)

  :262 in error
[ERROR - 2015-09-10T21:55:00.130Z] WebElementLocator - _handleLocateCommand - Element(s) NOT Found: GAVE UP. Search Stop Time: 1441922100128

  :262 in error
[ERROR - 2015-09-10T21:55:03.620Z] WebElementLocator - _handleLocateCommand - Element(s) NOT Found: GAVE UP. Search Stop Time: 1441922103577

  :262 in error
[INFO  - 2015-09-10T21:59:34.053Z] SessionManagerReqHand - _cleanupWindowlessSessions - Asynchronous Sessions clean-up phase starting NOW
[INFO  - 2015-09-10T22:00:42.185Z] SessionManagerReqHand - _cleanupWindowlessSessions - Asynchronous Sessions clean-up phase starting NOW
[INFO  - 2015-09-10T21:57:55.226Z] SessionManagerReqHand - _cleanupWindowlessSessions - Asynchronous Sessions clean-up phase starting NOW
                                                                                                                      [INFO  - 2015-09-10T21:54:51.845Z] SessionManagerReqHand - _cleanupWindowlessSessions - Asynchronous Sessions clean-up phase starting NOW
[INFO  - 2015-09-10T21:59:51.829Z] SessionManagerReqHand - _cleanupWindowlessSessions - Asynchronous Sessions clean-up phase starting NOW
                                                                                                                                                                                                                                                                                                                                                                                                                                                                                                                                                                                                                                                                                                                                                                                                                                                                                                                                                                                                                          [INFO  - 2015-09-10T21:57:01.531Z] SessionManagerReqHand - _cleanupWindowlessSessions - Asynchronous Sessions clean-up phase starting NOW
[INFO  - 2015-09-10T21:59:19.124Z] SessionManagerReqHand - _cleanupWindowlessSessions - Asynchronous Sessions clean-up phase starting NOW
